[    0.000000] Linux version 4.15.0-135-generic (buildd@lgw01-amd64-005) (gcc version 7.5.0 (Ubuntu 7.5.0-3ubuntu1~18.04)) #139-Ubuntu SMP Mon Jan 18 17:38:24 UTC 2021 (Ubuntu 4.15.0-135.139-generic 4.15.18)
[    0.000000] Command line: BOOT_IMAGE=/boot/vmlinuz-4.15.0-135-generic root=LABEL=cloudimg-rootfs ro console=tty1 console=ttyS0
[    0.000000] KERNEL supported cpus:
[    0.000000]   Intel GenuineIntel
[    0.000000]   AMD AuthenticAMD
[    0.000000]   Centaur CentaurHauls
[    0.000000] x86/fpu: Supporting XSAVE feature 0x001: 'x87 floating point registers'
[    0.000000] x86/fpu: Supporting XSAVE feature 0x002: 'SSE registers'
[    0.000000] x86/fpu: Supporting XSAVE feature 0x004: 'AVX registers'
[    0.000000] x86/fpu: xstate_offset[2]:  576, xstate_sizes[2]:  256
[    0.000000] x86/fpu: Enabled xstate features 0x7, context size is 832 bytes, using 'standard' format.
[    0.000000] e820: BIOS-provided physical RAM map:
[    0.000000] BIOS-e820: [mem 0x0000000000000000-0x000000000009fbff] usable
[    0.000000] BIOS-e820: [mem 0x000000000009fc00-0x000000000009ffff] reserved
[    0.000000] BIOS-e820: [mem 0x00000000000f0000-0x00000000000fffff] reserved
[    0.000000] BIOS-e820: [mem 0x0000000000100000-0x00000000dffeffff] usable
[    0.000000] BIOS-e820: [mem 0x00000000dfff0000-0x00000000dfffffff] ACPI data
[    0.000000] BIOS-e820: [mem 0x00000000fec00000-0x00000000fec00fff] reserved
[    0.000000] BIOS-e820: [mem 0x00000000fee00000-0x00000000fee00fff] reserved
[    0.000000] BIOS-e820: [mem 0x00000000fffc0000-0x00000000ffffffff] reserved
[    0.000000] BIOS-e820: [mem 0x0000000100000000-0x000000021fffffff] usable
[    0.000000] NX (Execute Disable) protection: active
[    0.000000] SMBIOS 2.5 present.
[    0.000000] DMI: innotek GmbH VirtualBox/VirtualBox, BIOS VirtualBox 12/01/2006
[    0.000000] Hypervisor detected: KVM
[    0.000000] e820: last_pfn = 0x220000 max_arch_pfn = 0x400000000
[    0.000000] MTRR: Disabled
[    0.000000] x86/PAT: MTRRs disabled, skipping PAT initialization too.
[    0.000000] CPU MTRRs all blank - virtualized system.
[    0.000000] x86/PAT: Configuration [0-7]: WB  WT  UC- UC  WB  WT  UC- UC  
[    0.000000] e820: last_pfn = 0xdfff0 max_arch_pfn = 0x400000000
[    0.000000] found SMP MP-table at [mem 0x0009fff0-0x0009ffff]
[    0.000000] Scanning 1 areas for low memory corruption
[    0.000000] RAMDISK: [mem 0x35a63000-0x36d28fff]
[    0.000000] ACPI: Early table checksum verification disabled
[    0.000000] ACPI: RSDP 0x00000000000E0000 000024 (v02 VBOX  )
[    0.000000] ACPI: XSDT 0x00000000DFFF0030 00003C (v01 VBOX   VBOXXSDT 00000001 ASL  00000061)
[    0.000000] ACPI: FACP 0x00000000DFFF00F0 0000F4 (v04 VBOX   VBOXFACP 00000001 ASL  00000061)
[    0.000000] ACPI: DSDT 0x00000000DFFF0470 002325 (v02 VBOX   VBOXBIOS 00000002 INTL 20190509)
[    0.000000] ACPI: FACS 0x00000000DFFF0200 000040
[    0.000000] ACPI: FACS 0x00000000DFFF0200 000040
[    0.000000] ACPI: APIC 0x00000000DFFF0240 00005C (v02 VBOX   VBOXAPIC 00000001 ASL  00000061)
[    0.000000] ACPI: SSDT 0x00000000DFFF02A0 0001CC (v01 VBOX   VBOXCPUT 00000002 INTL 20190509)
[    0.000000] No NUMA configuration found
[    0.000000] Faking a node at [mem 0x0000000000000000-0x000000021fffffff]
[    0.000000] NODE_DATA(0) allocated [mem 0x21ffd1000-0x21fffbfff]
[    0.000000] kvm-clock: cpu 0, msr 2:1ff50001, primary cpu clock
[    0.000000] kvm-clock: Using msrs 4b564d01 and 4b564d00
[    0.000000] kvm-clock: using sched offset of 3745600401 cycles
[    0.000000] clocksource: kvm-clock: mask: 0xffffffffffffffff max_cycles: 0x1cd42e4dffb, max_idle_ns: 881590591483 ns
[    0.000000] Zone ranges:
[    0.000000]   DMA      [mem 0x0000000000001000-0x0000000000ffffff]
[    0.000000]   DMA32    [mem 0x0000000001000000-0x00000000ffffffff]
[    0.000000]   Normal   [mem 0x0000000100000000-0x000000021fffffff]
[    0.000000]   Device   empty
[    0.000000] Movable zone start for each node
[    0.000000] Early memory node ranges
[    0.000000]   node   0: [mem 0x0000000000001000-0x000000000009efff]
[    0.000000]   node   0: [mem 0x0000000000100000-0x00000000dffeffff]
[    0.000000]   node   0: [mem 0x0000000100000000-0x000000021fffffff]
[    0.000000] Reserved but unavailable: 98 pages
[    0.000000] Initmem setup node 0 [mem 0x0000000000001000-0x000000021fffffff]
[    0.000000] ACPI: PM-Timer IO Port: 0x4008
[    0.000000] IOAPIC[0]: apic_id 2, version 32, address 0xfec00000, GSI 0-23
[    0.000000] ACPI: INT_SRC_OVR (bus 0 bus_irq 0 global_irq 2 dfl dfl)
[    0.000000] ACPI: INT_SRC_OVR (bus 0 bus_irq 9 global_irq 9 low level)
[    0.000000] Using ACPI (MADT) for SMP configuration information
[    0.000000] smpboot: Allowing 2 CPUs, 0 hotplug CPUs
[    0.000000] PM: Registered nosave memory: [mem 0x00000000-0x00000fff]
[    0.000000] PM: Registered nosave memory: [mem 0x0009f000-0x0009ffff]
[    0.000000] PM: Registered nosave memory: [mem 0x000a0000-0x000effff]
[    0.000000] PM: Registered nosave memory: [mem 0x000f0000-0x000fffff]
[    0.000000] PM: Registered nosave memory: [mem 0xdfff0000-0xdfffffff]
[    0.000000] PM: Registered nosave memory: [mem 0xe0000000-0xfebfffff]
[    0.000000] PM: Registered nosave memory: [mem 0xfec00000-0xfec00fff]
[    0.000000] PM: Registered nosave memory: [mem 0xfec01000-0xfedfffff]
[    0.000000] PM: Registered nosave memory: [mem 0xfee00000-0xfee00fff]
[    0.000000] PM: Registered nosave memory: [mem 0xfee01000-0xfffbffff]
[    0.000000] PM: Registered nosave memory: [mem 0xfffc0000-0xffffffff]
[    0.000000] e820: [mem 0xe0000000-0xfebfffff] available for PCI devices
[    0.000000] Booting paravirtualized kernel on KVM
[    0.000000] clocksource: refined-jiffies: mask: 0xffffffff max_cycles: 0xffffffff, max_idle_ns: 7645519600211568 ns
[    0.000000] random: get_random_bytes called from start_kernel+0x99/0x500 with crng_init=0
[    0.000000] setup_percpu: NR_CPUS:8192 nr_cpumask_bits:2 nr_cpu_ids:2 nr_node_ids:1
[    0.000000] percpu: Embedded 45 pages/cpu s147456 r8192 d28672 u1048576
[    0.000000] PV qspinlock hash table entries: 256 (order: 0, 4096 bytes)
[    0.000000] Built 1 zonelists, mobility grouping on.  Total pages: 2064249
[    0.000000] Policy zone: Normal
[    0.000000] Kernel command line: BOOT_IMAGE=/boot/vmlinuz-4.15.0-135-generic root=LABEL=cloudimg-rootfs ro console=tty1 console=ttyS0
[    0.000000] Memory: 8142396K/8388152K available (12300K kernel code, 2482K rwdata, 4276K rodata, 2440K init, 2724K bss, 245756K reserved, 0K cma-reserved)
[    0.000000] SLUB: HWalign=64, Order=0-3, MinObjects=0, CPUs=2, Nodes=1
[    0.000000] Kernel/User page tables isolation: enabled
[    0.000000] ftrace: allocating 39422 entries in 154 pages
[    0.004000] Hierarchical RCU implementation.
[    0.004000] 	RCU restricting CPUs from NR_CPUS=8192 to nr_cpu_ids=2.
[    0.004000] 	Tasks RCU enabled.
[    0.004000] RCU: Adjusting geometry for rcu_fanout_leaf=16, nr_cpu_ids=2
[    0.004000] NR_IRQS: 524544, nr_irqs: 440, preallocated irqs: 16
[    0.004000] Console: colour VGA+ 80x25
[    0.004000] console [tty1] enabled
[    0.004000] console [ttyS0] enabled
[    0.004000] ACPI: Core revision 20170831
[    0.004000] ACPI: 2 ACPI AML tables successfully acquired and loaded
[    0.004000] APIC: Switch to symmetric I/O mode setup
[    0.004000] x2apic enabled
[    0.004000] Switched APIC routing to physical x2apic.
[    0.004000] ..TIMER: vector=0x30 apic1=0 pin1=2 apic2=-1 pin2=-1
[    0.004000] tsc: Detected 2304.138 MHz processor
[    0.004000] Calibrating delay loop (skipped) preset value.. 4608.27 BogoMIPS (lpj=9216552)
[    0.004003] pid_max: default: 32768 minimum: 301
[    0.004559] Security Framework initialized
[    0.005043] Yama: becoming mindful.
[    0.005497] AppArmor: AppArmor initialized
[    0.008099] Dentry cache hash table entries: 1048576 (order: 11, 8388608 bytes)
[    0.009950] Inode-cache hash table entries: 524288 (order: 10, 4194304 bytes)
[    0.010767] Mount-cache hash table entries: 16384 (order: 5, 131072 bytes)
[    0.012011] Mountpoint-cache hash table entries: 16384 (order: 5, 131072 bytes)
[    0.013030] Last level iTLB entries: 4KB 64, 2MB 8, 4MB 8
[    0.013640] Last level dTLB entries: 4KB 64, 2MB 0, 4MB 0, 1GB 4
[    0.014272] Spectre V1 : Mitigation: usercopy/swapgs barriers and __user pointer sanitization
[    0.015240] Spectre V2 : Mitigation: Full generic retpoline
[    0.016001] Spectre V2 : Spectre v2 / SpectreRSB mitigation: Filling RSB on context switch
[    0.016924] Speculative Store Bypass: Vulnerable
[    0.017508] SRBDS: Unknown: Dependent on hypervisor status
[    0.018090] MDS: Mitigation: Clear CPU buffers
[    0.018693] Freeing SMP alternatives memory: 36K
[    0.129110] smpboot: CPU0: Intel(R) Core(TM) i5-8300H CPU @ 2.30GHz (family: 0x6, model: 0x9e, stepping: 0xa)
[    0.130300] Performance Events: unsupported p6 CPU model 158 no PMU driver, software events only.
[    0.131343] Hierarchical SRCU implementation.
[    0.132000] NMI watchdog: Perf event create on CPU 0 failed with -2
[    0.132000] NMI watchdog: Perf NMI watchdog permanently disabled
[    0.132473] smp: Bringing up secondary CPUs ...
[    0.133031] x86: Booting SMP configuration:
[    0.133547] .... node  #0, CPUs:      #1
[    0.004000] kvm-clock: cpu 1, msr 2:1ff50041, secondary cpu clock
[    0.136016] smp: Brought up 1 node, 2 CPUs
[    0.136517] smpboot: Max logical packages: 1
[    0.136990] smpboot: Total of 2 processors activated (9216.55 BogoMIPS)
[    0.138096] devtmpfs: initialized
[    0.140046] x86/mm: Memory block size: 128MB
[    0.140955] evm: security.selinux
[    0.141468] evm: security.SMACK64
[    0.141918] evm: security.SMACK64EXEC
[    0.142335] evm: security.SMACK64TRANSMUTE
[    0.142811] evm: security.SMACK64MMAP
[    0.143239] evm: security.apparmor
[    0.143656] evm: security.ima
[    0.144002] evm: security.capability
[    0.144437] clocksource: jiffies: mask: 0xffffffff max_cycles: 0xffffffff, max_idle_ns: 7645041785100000 ns
[    0.145091] futex hash table entries: 512 (order: 3, 32768 bytes)
[    0.145783] pinctrl core: initialized pinctrl subsystem
[    0.146443] RTC time:  9:51:38, date: 02/22/21
[    0.147069] NET: Registered protocol family 16
[    0.148049] audit: initializing netlink subsys (disabled)
[    0.148672] audit: type=2000 audit(1613987503.791:1): state=initialized audit_enabled=0 res=1
[    0.148672] cpuidle: using governor ladder
[    0.148672] cpuidle: using governor menu
[    0.148996] ACPI: bus type PCI registered
[    0.149449] acpiphp: ACPI Hot Plug PCI Controller Driver version: 0.5
[    0.152066] PCI: Using configuration type 1 for base access
[    0.152795] HugeTLB registered 2.00 MiB page size, pre-allocated 0 pages
[    0.153038] ACPI: Added _OSI(Module Device)
[    0.156006] ACPI: Added _OSI(Processor Device)
[    0.156520] ACPI: Added _OSI(3.0 _SCP Extensions)
[    0.157108] ACPI: Added _OSI(Processor Aggregator Device)
[    0.157760] ACPI: Added _OSI(Linux-Dell-Video)
[    0.158253] ACPI: Added _OSI(Linux-Lenovo-NV-HDMI-Audio)
[    0.158838] ACPI: Added _OSI(Linux-HPI-Hybrid-Graphics)
[    0.159593] ACPI: Executed 1 blocks of module-level executable AML code
[    0.162275] ACPI: Interpreter enabled
[    0.162729] ACPI: (supports S0 S5)
[    0.163125] ACPI: Using IOAPIC for interrupt routing
[    0.164135] PCI: Using host bridge windows from ACPI; if necessary, use "pci=nocrs" and report a bug
[    0.165261] ACPI: Enabled 2 GPEs in block 00 to 07
[    0.169740] ACPI: PCI Root Bridge [PCI0] (domain 0000 [bus 00-ff])
[    0.170410] acpi PNP0A03:00: _OSC: OS supports [ASPM ClockPM Segments MSI]
[    0.171480] acpi PNP0A03:00: _OSC: not requesting OS control; OS requires [ExtendedConfig ASPM ClockPM MSI]
[    0.172008] acpi PNP0A03:00: fail to add MMCONFIG information, can't access extended PCI configuration space under this bridge.
[    0.173968] PCI host bridge to bus 0000:00
[    0.174433] pci_bus 0000:00: root bus resource [io  0x0000-0x0cf7 window]
[    0.175189] pci_bus 0000:00: root bus resource [io  0x0d00-0xffff window]
[    0.176004] pci_bus 0000:00: root bus resource [mem 0x000a0000-0x000bffff window]
[    0.177092] pci_bus 0000:00: root bus resource [mem 0xe0000000-0xfdffffff window]
[    0.177914] pci_bus 0000:00: root bus resource [bus 00-ff]
[    0.180113] pci 0000:00:01.1: legacy IDE quirk: reg 0x10: [io  0x01f0-0x01f7]
[    0.180903] pci 0000:00:01.1: legacy IDE quirk: reg 0x14: [io  0x03f6]
[    0.181708] pci 0000:00:01.1: legacy IDE quirk: reg 0x18: [io  0x0170-0x0177]
[    0.182457] pci 0000:00:01.1: legacy IDE quirk: reg 0x1c: [io  0x0376]
[    0.237611] pci 0000:00:07.0: quirk: [io  0x4000-0x403f] claimed by PIIX4 ACPI
[    0.238487] pci 0000:00:07.0: quirk: [io  0x4100-0x410f] claimed by PIIX4 SMB
[    0.257187] ACPI: PCI Interrupt Link [LNKA] (IRQs 5 9 10 *11)
[    0.258094] ACPI: PCI Interrupt Link [LNKB] (IRQs 5 9 *10 11)
[    0.258818] ACPI: PCI Interrupt Link [LNKC] (IRQs 5 *9 10 11)
[    0.260128] ACPI: PCI Interrupt Link [LNKD] (IRQs 5 9 10 *11)
[    0.261253] SCSI subsystem initialized
[    0.261723] pci 0000:00:02.0: vgaarb: setting as boot VGA device
[    0.261723] pci 0000:00:02.0: vgaarb: VGA device added: decodes=io+mem,owns=io+mem,locks=none
[    0.264009] pci 0000:00:02.0: vgaarb: bridge control possible
[    0.264687] vgaarb: loaded
[    0.265097] ACPI: bus type USB registered
[    0.265631] usbcore: registered new interface driver usbfs
[    0.266252] usbcore: registered new interface driver hub
[    0.266859] usbcore: registered new device driver usb
[    0.267505] EDAC MC: Ver: 3.0.0
[    0.268152] PCI: Using ACPI for IRQ routing
[    0.268729] NetLabel: Initializing
[    0.269191] NetLabel:  domain hash size = 128
[    0.269707] NetLabel:  protocols = UNLABELED CIPSOv4 CALIPSO
[    0.270353] NetLabel:  unlabeled traffic allowed by default
[    0.270964] clocksource: Switched to clocksource kvm-clock
[    0.276953] VFS: Disk quotas dquot_6.6.0
[    0.277653] VFS: Dquot-cache hash table entries: 512 (order 0, 4096 bytes)
[    0.278697] AppArmor: AppArmor Filesystem Enabled
[    0.279244] pnp: PnP ACPI init
[    0.280304] pnp: PnP ACPI: found 3 devices
[    0.288532] clocksource: acpi_pm: mask: 0xffffff max_cycles: 0xffffff, max_idle_ns: 2085701024 ns
[    0.289583] NET: Registered protocol family 2
[    0.290248] TCP established hash table entries: 65536 (order: 7, 524288 bytes)
[    0.291160] TCP bind hash table entries: 65536 (order: 8, 1048576 bytes)
[    0.292423] TCP: Hash tables configured (established 65536 bind 65536)
[    0.293206] UDP hash table entries: 4096 (order: 5, 131072 bytes)
[    0.293898] UDP-Lite hash table entries: 4096 (order: 5, 131072 bytes)
[    0.294643] NET: Registered protocol family 1
[    0.295156] pci 0000:00:00.0: Limiting direct PCI/PCI transfers
[    0.295827] pci 0000:00:01.0: Activating ISA DMA hang workarounds
[    0.296548] pci 0000:00:02.0: Video device with shadowed ROM at [mem 0x000c0000-0x000dffff]
[    0.297495] Unpacking initramfs...
[    0.508229] Freeing initrd memory: 19224K
[    0.510047] PCI-DMA: Using software bounce buffering for IO (SWIOTLB)
[    0.510727] software IO TLB: mapped [mem 0xdbff0000-0xdfff0000] (64MB)
[    0.511479] clocksource: tsc: mask: 0xffffffffffffffff max_cycles: 0x21367a1ff71, max_idle_ns: 440795278112 ns
[    0.512650] platform rtc_cmos: registered platform RTC device (no PNP device found)
[    0.513500] Scanning for low memory corruption every 60 seconds
[    0.514699] Initialise system trusted keyrings
[    0.515231] Key type blacklist registered
[    0.515846] workingset: timestamp_bits=36 max_order=21 bucket_order=0
[    0.517257] zbud: loaded
[    0.518037] squashfs: version 4.0 (2009/01/31) Phillip Lougher
[    0.518861] fuse init (API version 7.26)
[    0.521250] Key type asymmetric registered
[    0.521771] Asymmetric key parser 'x509' registered
[    0.522354] Block layer SCSI generic (bsg) driver version 0.4 loaded (major 246)
[    0.523293] io scheduler noop registered
[    0.523770] io scheduler deadline registered
[    0.524532] io scheduler cfq registered (default)
[    0.525713] ACPI: AC Adapter [AC] (on-line)
[    0.526258] input: Power Button as /devices/LNXSYSTM:00/LNXPWRBN:00/input/input0
[    0.527206] ACPI: Power Button [PWRF]
[    0.527705] input: Sleep Button as /devices/LNXSYSTM:00/LNXSLPBN:00/input/input1
[    0.528582] ACPI: Sleep Button [SLPF]
[    0.529729] ACPI: Battery Slot [BAT0] (battery present)
[    0.530458] Serial: 8250/16550 driver, 32 ports, IRQ sharing enabled
[    0.551689] 00:02: ttyS0 at I/O 0x3f8 (irq = 4, base_baud = 115200) is a 16550A
[    0.554631] Linux agpgart interface v0.103
[    0.556127] loop: module loaded
[    0.556902] scsi host0: ata_piix
[    0.557378] scsi host1: ata_piix
[    0.557817] ata1: PATA max UDMA/33 cmd 0x1f0 ctl 0x3f6 bmdma 0xd000 irq 14
[    0.558552] ata2: PATA max UDMA/33 cmd 0x170 ctl 0x376 bmdma 0xd008 irq 15
[    0.559322] libphy: Fixed MDIO Bus: probed
[    0.559817] tun: Universal TUN/TAP device driver, 1.6
[    0.560631] PPP generic driver version 2.4.2
[    0.561211] ehci_hcd: USB 2.0 'Enhanced' Host Controller (EHCI) Driver
[    0.561960] ehci-pci: EHCI PCI platform driver
[    0.562478] ehci-platform: EHCI generic platform driver
[    0.563072] ohci_hcd: USB 1.1 'Open' Host Controller (OHCI) Driver
[    0.563728] ohci-pci: OHCI PCI platform driver
[    0.564483] ohci-platform: OHCI generic platform driver
[    0.565449] uhci_hcd: USB Universal Host Controller Interface driver
[    0.566275] i8042: PNP: PS/2 Controller [PNP0303:PS2K,PNP0f03:PS2M] at 0x60,0x64 irq 1,12
[    0.567525] serio: i8042 KBD port at 0x60,0x64 irq 1
[    0.568129] serio: i8042 AUX port at 0x60,0x64 irq 12
[    0.569023] mousedev: PS/2 mouse device common for all mice
[    0.570206] rtc_cmos rtc_cmos: rtc core: registered rtc_cmos as rtc0
[    0.570934] input: AT Translated Set 2 keyboard as /devices/platform/i8042/serio0/input/input2
[    0.571906] rtc_cmos rtc_cmos: alarms up to one day, 114 bytes nvram
[    0.572730] i2c /dev entries driver
[    0.573181] device-mapper: uevent: version 1.0.3
[    0.573845] device-mapper: ioctl: 4.37.0-ioctl (2017-09-20) initialised: dm-devel@redhat.com
[    0.574849] ledtrig-cpu: registered to indicate activity on CPUs
[    0.575846] NET: Registered protocol family 10
[    0.579497] Segment Routing with IPv6
[    0.579949] NET: Registered protocol family 17
[    0.580579] Key type dns_resolver registered
[    0.581234] mce: Using 0 MCE banks
[    0.581736] RAS: Correctable Errors collector initialized.
[    0.583213] sched_clock: Marking stable (581212506, 0)->(761768479, -180555973)
[    0.586253] registered taskstats version 1
[    0.586885] Loading compiled-in X.509 certificates
[    0.589421] Loaded X.509 cert 'Build time autogenerated kernel key: 399a566a2ea98257ce6f7132c633527e9761cd56'
[    0.590595] zswap: loaded using pool lzo/zbud
[    0.593551] Key type big_key registered
[    0.594064] Key type trusted registered
[    0.595632] Key type encrypted registered
[    0.596147] AppArmor: AppArmor sha1 policy hashing enabled
[    0.596760] ima: No TPM chip found, activating TPM-bypass! (rc=-19)
[    0.597473] ima: Allocated hash algorithm: sha1
[    0.598069] evm: HMAC attrs: 0x1
[    0.598577]   Magic number: 9:919:879
[    0.599116] rtc_cmos rtc_cmos: setting system clock to 2021-02-22 09:51:38 UTC (1613987498)
[    0.600131] BIOS EDD facility v0.16 2004-Jun-25, 0 devices found
[    0.600787] EDD information not available.
[    0.751252] Freeing unused kernel image memory: 2440K
[    1.015341] Write protecting the kernel read-only data: 20480k
[    1.018858] Freeing unused kernel image memory: 2008K
[    1.021381] Freeing unused kernel image memory: 1868K
[    1.036544] x86/mm: Checked W+X mappings: passed, no W+X pages found.
[    1.038399] x86/mm: Checking user space page tables
[    1.050978] x86/mm: Checked W+X mappings: passed, no W+X pages found.
Loading, please wait...
starting version 237
[    1.116077] e1000: Intel(R) PRO/1000 Network Driver - version 7.3.21-k8-NAPI
[    1.117429] e1000: Copyright (c) 1999-2006 Intel Corporation.
[    1.120498] Fusion MPT base driver 3.04.20
[    1.120981] Copyright (c) 1999-2008 LSI Corporation
[    1.123683] Fusion MPT SPI Host driver 3.04.20
[    1.133631] AVX2 version of gcm_enc/dec engaged.
[    1.134285] AES CTR mode by8 optimization enabled
[    1.329731] input: ImExPS/2 Generic Explorer Mouse as /devices/platform/i8042/serio1/input/input4
[    1.551531] e1000 0000:00:03.0 eth0: (PCI:33MHz:32-bit) 02:a4:4a:b3:a7:36
[    1.553424] e1000 0000:00:03.0 eth0: Intel(R) PRO/1000 Network Connection
[    1.558001] e1000 0000:00:03.0 enp0s3: renamed from eth0
[    1.559676] mptbase: ioc0: Initiating bringup
[    2.156932] ioc0: LSI53C1030 A0: Capabilities={Initiator}
[    5.142053] scsi host2: ioc0: LSI53C1030 A0, FwRev=00000000h, Ports=1, MaxQ=256, IRQ=20
[    7.077292] scsi 2:0:0:0: Direct-Access     VBOX     HARDDISK         1.0  PQ: 0 ANSI: 5
[    7.163504] scsi target2:0:0: Beginning Domain Validation
[    7.169812] scsi target2:0:0: Domain Validation skipping write tests
[    7.172356] scsi target2:0:0: Ending Domain Validation
[    7.174628] scsi target2:0:0: asynchronous
[    7.177030] scsi 2:0:1:0: Direct-Access     VBOX     HARDDISK         1.0  PQ: 0 ANSI: 5
[    8.546435] scsi target2:0:1: Beginning Domain Validation
[    8.552995] random: fast init done
[    8.554757] scsi target2:0:1: Domain Validation skipping write tests
[    8.557356] scsi target2:0:1: Ending Domain Validation
[    8.558402] scsi target2:0:1: asynchronous
[    8.561635] random: systemd-udevd: uninitialized urandom read (16 bytes read)
[    8.561821] sd 2:0:0:0: [sda] 83886080 512-byte logical blocks: (42.9 GB/40.0 GiB)
[    8.562517] random: systemd-udevd: uninitialized urandom read (16 bytes read)
[    8.563440] sd 2:0:0:0: [sda] Write Protect is off
[    8.564208] random: systemd-udevd: uninitialized urandom read (16 bytes read)
[    8.565765] sd 2:0:0:0: [sda] Incomplete mode parameter data
[    8.566548] sd 2:0:0:0: [sda] Assuming drive cache: write through
[    8.567339] sd 2:0:0:0: Attached scsi generic sg0 type 0
[    8.568388] sd 2:0:1:0: Attached scsi generic sg1 type 0
[    8.569204] sd 2:0:1:0: [sdb] 20480 512-byte logical blocks: (10.5 MB/10.0 MiB)
[    8.569808]  sda: sda1
[    8.570601] sd 2:0:1:0: [sdb] Write Protect is off
[    8.571384] sd 2:0:1:0: [sdb] Incomplete mode parameter data
[    8.571788] sd 2:0:0:0: [sda] Attached SCSI disk
[    8.572195] sd 2:0:1:0: [sdb] Assuming drive cache: write through
[    8.656718] sd 2:0:1:0: [sdb] Attached SCSI disk
